2019/02/19 16:34:57 [error] 8646#8646: *1 FastCGI sent in stderr: "PHP message: PHP Fatal error:  Trait 'App\SingletonTrait' not found in /var/www/exams/index.php on line 24
PHP message: PHP Stack trace:
PHP message: PHP   1. {main}() /var/www/exams/index.php:0" while reading response header from upstream, client: 127.0.0.1, server: exams.ru, request: "GET / HTTP/1.1", upstream: "fastcgi://unix:/var/run/php/php7.2-fpm.sock:", host: "exams.ru"
2019/02/19 16:35:16 [error] 8646#8646: *1 FastCGI sent in stderr: "PHP message: PHP Fatal error:  Trait 'App\SingletonTrait' not found in /var/www/exams/index.php on line 28
PHP message: PHP Stack trace:
PHP message: PHP   1. {main}() /var/www/exams/index.php:0" while reading response header from upstream, client: 127.0.0.1, server: exams.ru, request: "GET / HTTP/1.1", upstream: "fastcgi://unix:/var/run/php/php7.2-fpm.sock:", host: "exams.ru"
2019/02/19 16:35:17 [error] 8646#8646: *1 open() "/var/www/exams/favicon.ico" failed (2: No such file or directory), client: 127.0.0.1, server: exams.ru, request: "GET /favicon.ico HTTP/1.1", host: "exams.ru", referrer: "http://exams.ru/"
2019/02/19 16:35:38 [error] 8646#8646: *1 FastCGI sent in stderr: "PHP message: PHP Fatal error:  Trait 'SingletonTrait' not found in /var/www/exams/index.php on line 28
PHP message: PHP Stack trace:
PHP message: PHP   1. {main}() /var/www/exams/index.php:0" while reading response header from upstream, client: 127.0.0.1, server: exams.ru, request: "GET / HTTP/1.1", upstream: "fastcgi://unix:/var/run/php/php7.2-fpm.sock:", host: "exams.ru"
2019/02/19 16:35:41 [error] 8646#8646: *1 FastCGI sent in stderr: "PHP message: PHP Fatal error:  Trait 'SingletonTrait' not found in /var/www/exams/index.php on line 28
PHP message: PHP Stack trace:
PHP message: PHP   1. {main}() /var/www/exams/index.php:0" while reading response header from upstream, client: 127.0.0.1, server: exams.ru, request: "GET / HTTP/1.1", upstream: "fastcgi://unix:/var/run/php/php7.2-fpm.sock:", host: "exams.ru"
2019/02/19 16:36:07 [error] 8646#8646: *1 FastCGI sent in stderr: "PHP message: PHP Notice:  Array to string conversion in /var/www/exams/index.php on line 66
PHP message: PHP Stack trace:
PHP message: PHP   1. {main}() /var/www/exams/index.php:0
PHP message: PHP   2. Db->GetAccountById($id = array (0 => 2)) /var/www/exams/index.php:72
PHP message: PHP   3. PDOStatement->execute(array (':id' => array (0 => 2))) /var/www/exams/index.php:66" while reading response header from upstream, client: 127.0.0.1, server: exams.ru, request: "GET / HTTP/1.1", upstream: "fastcgi://unix:/var/run/php/php7.2-fpm.sock:", host: "exams.ru"
2019/02/19 16:36:21 [error] 8646#8646: *1 FastCGI sent in stderr: "PHP message: PHP Notice:  Array to string conversion in /var/www/exams/index.php on line 66
PHP message: PHP Stack trace:
PHP message: PHP   1. {main}() /var/www/exams/index.php:0
PHP message: PHP   2. Db->GetAccountById($id = array (0 => 2)) /var/www/exams/index.php:72
PHP message: PHP   3. PDOStatement->execute(array (':id' => array (0 => 2))) /var/www/exams/index.php:66" while reading response header from upstream, client: 127.0.0.1, server: exams.ru, request: "GET / HTTP/1.1", upstream: "fastcgi://unix:/var/run/php/php7.2-fpm.sock:", host: "exams.ru"
2019/02/19 16:39:55 [error] 8646#8646: *13 FastCGI sent in stderr: "PHP message: PHP Warning:  explode() expects parameter 2 to be string, array given in /var/www/exams/index.php on line 63
PHP message: PHP Stack trace:
PHP message: PHP   1. {main}() /var/www/exams/index.php:0
PHP message: PHP   2. Db->GetAccountById($id = array (0 => 2)) /var/www/exams/index.php:73
PHP message: PHP   3. explode(',', array (0 => 2)) /var/www/exams/index.php:63" while reading response header from upstream, client: 127.0.0.1, server: exams.ru, request: "GET / HTTP/1.1", upstream: "fastcgi://unix:/var/run/php/php7.2-fpm.sock:", host: "exams.ru"
2019/02/19 16:41:27 [error] 8646#8646: *13 FastCGI sent in stderr: "PHP message: PHP Notice:  Undefined variable: getAllfrom in /var/www/exams/index.php on line 78
PHP message: PHP Stack trace:
PHP message: PHP   1. {main}() /var/www/exams/index.php:0" while reading response header from upstream, client: 127.0.0.1, server: exams.ru, request: "GET / HTTP/1.1", upstream: "fastcgi://unix:/var/run/php/php7.2-fpm.sock:", host: "exams.ru"
2019/02/19 16:43:54 [error] 8646#8646: *24 FastCGI sent in stderr: "PHP message: PHP Parse error:  syntax error, unexpected '$result' (T_VARIABLE) in /var/www/exams/index.php on line 75" while reading response header from upstream, client: 127.0.0.1, server: exams.ru, request: "GET / HTTP/1.1", upstream: "fastcgi://unix:/var/run/php/php7.2-fpm.sock:", host: "exams.ru"
2019/02/19 16:44:48 [error] 8646#8646: *24 FastCGI sent in stderr: "PHP message: PHP TypeError:  Argument 1 passed to Db::GetAccountById() must be of the type array, string given, called in /var/www/exams/index.php on line 77 in /var/www/exams/index.php on line 61
PHP message: PHP Stack trace:
PHP message: PHP   1. {main}() /var/www/exams/index.php:0
PHP message: PHP   2. Db->GetAccountById($id = '1,3,1,5') /var/www/exams/index.php:77
PHP message: PHP Fatal error:  Uncaught TypeError: Argument 1 passed to Db::GetAccountById() must be of the type array, string given, called in /var/www/exams/index.php on line 77 and defined in /var/www/exams/index.php:61
Stack trace:
#0 /var/www/exams/index.php(77): Db->GetAccountById('1,3,1,5')
#1 {main}
  thrown in /var/www/exams/index.php on line 61" while reading response header from upstream, client: 127.0.0.1, server: exams.ru, request: "GET /?account_ids=1,3,1,5 HTTP/1.1", upstream: "fastcgi://unix:/var/run/php/php7.2-fpm.sock:", host: "exams.ru"
2019/02/19 16:52:45 [error] 8646#8646: *66 FastCGI sent in stderr: "PHP message: PHP Warning:  implode(): Invalid arguments passed in /var/www/exams/index.php on line 63
PHP message: PHP Stack trace:
PHP message: PHP   1. {main}() /var/www/exams/index.php:0
PHP message: PHP   2. Db->GetAccountById($id = '2,3,1') /var/www/exams/index.php:77
PHP message: PHP   3. implode(',', '2,3,1') /var/www/exams/index.php:63" while reading response header from upstream, client: 127.0.0.1, server: exams.ru, request: "GET /?account_ids=2,3,1 HTTP/1.1", upstream: "fastcgi://unix:/var/run/php/php7.2-fpm.sock:", host: "exams.ru"
2019/02/19 16:53:03 [error] 8646#8646: *66 FastCGI sent in stderr: "PHP message: PHP Notice:  Array to string conversion in /var/www/exams/index.php on line 67
PHP message: PHP Stack trace:
PHP message: PHP   1. {main}() /var/www/exams/index.php:0
PHP message: PHP   2. Db->GetAccountById($id = '2,3,1') /var/www/exams/index.php:77
PHP message: PHP   3. PDOStatement->execute(array (':id' => array (0 => '2', 1 => '3', 2 => '1'))) /var/www/exams/index.php:67" while reading response header from upstream, client: 127.0.0.1, server: exams.ru, request: "GET /?account_ids=2,3,1 HTTP/1.1", upstream: "fastcgi://unix:/var/run/php/php7.2-fpm.sock:", host: "exams.ru"
2019/02/19 16:59:03 [error] 8646#8646: *77 FastCGI sent in stderr: "PHP message: PHP Notice:  Undefined variable: accounts in /var/www/exams/index.php on line 70
PHP message: PHP Stack trace:
PHP message: PHP   1. {main}() /var/www/exams/index.php:0
PHP message: PHP   2. Db->GetAccountById($id = '10') /var/www/exams/index.php:86
PHP message: PHP Notice:  Undefined variable: accounts in /var/www/exams/index.php on line 70
PHP message: PHP Stack trace:
PHP message: PHP   1. {main}() /var/www/exams/index.php:0
PHP message: PHP   2. Db->GetAccountById($id = '10') /var/www/exams/index.php:86
PHP message: PHP Error:  Call to a member function fetch() on null in /var/www/exams/index.php on line 87
PHP message: PHP Stack trace:
PHP message: PHP   1. {main}() /var/www/exams/index.php:0
PHP message: PHP Fatal error:  Uncaught Error: Call to a member function fetch() on null in /var/www/exams/index.php:87
Stack trace:
#0 {main}
  thrown in /var/www/exams/index.php on line 87" while reading response header from upstream, client: 127.0.0.1, server: exams.ru, request: "GET /?account_ids=10 HTTP/1.1", upstream: "fastcgi://unix:/var/run/php/php7.2-fpm.sock:", host: "exams.ru"
2019/02/19 16:59:13 [error] 8646#8646: *77 FastCGI sent in stderr: "PHP message: PHP TypeError:  Return value of Db::GetAccountById() must be an object or null, array returned in /var/www/exams/index.php on line 70
PHP message: PHP Stack trace:
PHP message: PHP   1. {main}() /var/www/exams/index.php:0
PHP message: PHP   2. Db->GetAccountById($id = '1') /var/www/exams/index.php:86
PHP message: PHP Fatal error:  Uncaught TypeError: Return value of Db::GetAccountById() must be an object or null, array returned in /var/www/exams/index.php:70
Stack trace:
#0 /var/www/exams/index.php(86): Db->GetAccountById('1')
#1 {main}
  thrown in /var/www/exams/index.php on line 70" while reading response header from upstream, client: 127.0.0.1, server: exams.ru, request: "GET /?account_ids=1 HTTP/1.1", upstream: "fastcgi://unix:/var/run/php/php7.2-fpm.sock:", host: "exams.ru"
2019/02/19 16:59:35 [error] 8646#8646: *77 FastCGI sent in stderr: "PHP message: PHP TypeError:  Return value of Db::GetAccountById() must be an object or null, array returned in /var/www/exams/index.php on line 70
PHP message: PHP Stack trace:
PHP message: PHP   1. {main}() /var/www/exams/index.php:0
PHP message: PHP   2. Db->GetAccountById($id = '1') /var/www/exams/index.php:86
PHP message: PHP Fatal error:  Uncaught TypeError: Return value of Db::GetAccountById() must be an object or null, array returned in /var/www/exams/index.php:70
Stack trace:
#0 /var/www/exams/index.php(86): Db->GetAccountById('1')
#1 {main}
  thrown in /var/www/exams/index.php on line 70" while reading response header from upstream, client: 127.0.0.1, server: exams.ru, request: "GET /?account_ids=1 HTTP/1.1", upstream: "fastcgi://unix:/var/run/php/php7.2-fpm.sock:", host: "exams.ru"
2019/02/19 17:00:07 [error] 8646#8646: *77 FastCGI sent in stderr: "PHP message: PHP Notice:  Undefined variable: accounts in /var/www/exams/index.php on line 69
PHP message: PHP Stack trace:
PHP message: PHP   1. {main}() /var/www/exams/index.php:0
PHP message: PHP   2. Db->GetAccountById($id = '10') /var/www/exams/index.php:86" while reading response header from upstream, client: 127.0.0.1, server: exams.ru, request: "GET /?account_ids=10 HTTP/1.1", upstream: "fastcgi://unix:/var/run/php/php7.2-fpm.sock:", host: "exams.ru"
2019/02/19 17:03:42 [error] 8646#8646: *94 FastCGI sent in stderr: "PHP message: PHP Warning:  Invalid argument supplied for foreach() in /var/www/exams/index.php on line 91
PHP message: PHP Stack trace:
PHP message: PHP   1. {main}() /var/www/exams/index.php:0" while reading response header from upstream, client: 127.0.0.1, server: exams.ru, request: "GET /?account_ids=10 HTTP/1.1", upstream: "fastcgi://unix:/var/run/php/php7.2-fpm.sock:", host: "exams.ru"
2019/02/19 17:03:52 [error] 8646#8646: *94 FastCGI sent in stderr: "PHP message: PHP Warning:  Invalid argument supplied for foreach() in /var/www/exams/index.php on line 91
PHP message: PHP Stack trace:
PHP message: PHP   1. {main}() /var/www/exams/index.php:0" while reading response header from upstream, client: 127.0.0.1, server: exams.ru, request: "GET /?account_ids=10 HTTP/1.1", upstream: "fastcgi://unix:/var/run/php/php7.2-fpm.sock:", host: "exams.ru"
2019/02/19 17:03:53 [error] 8646#8646: *94 FastCGI sent in stderr: "PHP message: PHP Warning:  Invalid argument supplied for foreach() in /var/www/exams/index.php on line 91
PHP message: PHP Stack trace:
PHP message: PHP   1. {main}() /var/www/exams/index.php:0" while reading response header from upstream, client: 127.0.0.1, server: exams.ru, request: "GET /?account_ids=10 HTTP/1.1", upstream: "fastcgi://unix:/var/run/php/php7.2-fpm.sock:", host: "exams.ru"
2019/02/19 17:03:54 [error] 8646#8646: *94 FastCGI sent in stderr: "PHP message: PHP Warning:  Invalid argument supplied for foreach() in /var/www/exams/index.php on line 91
PHP message: PHP Stack trace:
PHP message: PHP   1. {main}() /var/www/exams/index.php:0" while reading response header from upstream, client: 127.0.0.1, server: exams.ru, request: "GET /?account_ids=10 HTTP/1.1", upstream: "fastcgi://unix:/var/run/php/php7.2-fpm.sock:", host: "exams.ru"
2019/02/19 17:04:24 [error] 8646#8646: *94 FastCGI sent in stderr: "PHP message: PHP Notice:  Undefined index: name in /var/www/exams/index.php on line 92
PHP message: PHP Stack trace:
PHP message: PHP   1. {main}() /var/www/exams/index.php:0" while reading response header from upstream, client: 127.0.0.1, server: exams.ru, request: "GET /?account_ids=1 HTTP/1.1", upstream: "fastcgi://unix:/var/run/php/php7.2-fpm.sock:", host: "exams.ru"
2019/02/19 17:12:38 [error] 8646#8646: *119 open() "/var/www/exams/2юзрз" failed (2: No such file or directory), client: 127.0.0.1, server: exams.ru, request: "GET /2%D1%8E%D0%B7%D1%80%D0%B7?account_ids=2,3,1 HTTP/1.1", host: "exams.ru"
2019/02/19 17:51:54 [error] 8646#8646: *135 FastCGI sent in stderr: "PHP message: PHP Error:  Call to undefined function http_build_url() in /var/www/exams/3.php on line 27
PHP message: PHP Stack trace:
PHP message: PHP   1. {main}() /var/www/exams/3.php:0
PHP message: PHP   2. Trim->getUrl() /var/www/exams/3.php:39
PHP message: PHP Fatal error:  Uncaught Error: Call to undefined function http_build_url() in /var/www/exams/3.php:27
Stack trace:
#0 /var/www/exams/3.php(39): Trim->getUrl()
#1 {main}
  thrown in /var/www/exams/3.php on line 27" while reading response header from upstream, client: 127.0.0.1, server: exams.ru, request: "GET /3.php HTTP/1.1", upstream: "fastcgi://unix:/var/run/php/php7.2-fpm.sock:", host: "exams.ru"
2019/02/19 17:51:54 [error] 8646#8646: *135 FastCGI sent in stderr: "PHP message: PHP Error:  Call to undefined function http_build_url() in /var/www/exams/3.php on line 27
PHP message: PHP Stack trace:
PHP message: PHP   1. {main}() /var/www/exams/3.php:0
PHP message: PHP   2. Trim->getUrl() /var/www/exams/3.php:39
PHP message: PHP Fatal error:  Uncaught Error: Call to undefined function http_build_url() in /var/www/exams/3.php:27
Stack trace:
#0 /var/www/exams/3.php(39): Trim->getUrl()
#1 {main}
  thrown in /var/www/exams/3.php on line 27" while reading response header from upstream, client: 127.0.0.1, server: exams.ru, request: "GET /3.php HTTP/1.1", upstream: "fastcgi://unix:/var/run/php/php7.2-fpm.sock:", host: "exams.ru"
2019/02/19 17:52:01 [error] 8646#8646: *135 FastCGI sent in stderr: "PHP message: PHP Error:  Call to undefined function http_build_url() in /var/www/exams/3.php on line 27
PHP message: PHP Stack trace:
PHP message: PHP   1. {main}() /var/www/exams/3.php:0
PHP message: PHP   2. Trim->getUrl() /var/www/exams/3.php:39
PHP message: PHP Fatal error:  Uncaught Error: Call to undefined function http_build_url() in /var/www/exams/3.php:27
Stack trace:
#0 /var/www/exams/3.php(39): Trim->getUrl()
#1 {main}
  thrown in /var/www/exams/3.php on line 27" while reading response header from upstream, client: 127.0.0.1, server: exams.ru, request: "GET /3.php HTTP/1.1", upstream: "fastcgi://unix:/var/run/php/php7.2-fpm.sock:", host: "exams.ru"
2019/02/19 17:52:04 [error] 8646#8646: *135 FastCGI sent in stderr: "PHP message: PHP Error:  Call to undefined function http_build_url() in /var/www/exams/3.php on line 27
PHP message: PHP Stack trace:
PHP message: PHP   1. {main}() /var/www/exams/3.php:0
PHP message: PHP   2. Trim->getUrl() /var/www/exams/3.php:39
PHP message: PHP Fatal error:  Uncaught Error: Call to undefined function http_build_url() in /var/www/exams/3.php:27
Stack trace:
#0 /var/www/exams/3.php(39): Trim->getUrl()
#1 {main}
  thrown in /var/www/exams/3.php on line 27" while reading response header from upstream, client: 127.0.0.1, server: exams.ru, request: "GET /3.php HTTP/1.1", upstream: "fastcgi://unix:/var/run/php/php7.2-fpm.sock:", host: "exams.ru"
2019/02/19 17:52:29 [error] 8646#8646: *135 FastCGI sent in stderr: "PHP message: PHP Error:  Call to undefined function http_build_url() in /var/www/exams/3.php on line 27
PHP message: PHP Stack trace:
PHP message: PHP   1. {main}() /var/www/exams/3.php:0
PHP message: PHP   2. Trim->getUrl() /var/www/exams/3.php:39
PHP message: PHP Fatal error:  Uncaught Error: Call to undefined function http_build_url() in /var/www/exams/3.php:27
Stack trace:
#0 /var/www/exams/3.php(39): Trim->getUrl()
#1 {main}
  thrown in /var/www/exams/3.php on line 27" while reading response header from upstream, client: 127.0.0.1, server: exams.ru, request: "GET /3.php HTTP/1.1", upstream: "fastcgi://unix:/var/run/php/php7.2-fpm.sock:", host: "exams.ru"
2019/02/19 17:52:30 [error] 8646#8646: *135 FastCGI sent in stderr: "PHP message: PHP Error:  Call to undefined function http_build_url() in /var/www/exams/3.php on line 27
PHP message: PHP Stack trace:
PHP message: PHP   1. {main}() /var/www/exams/3.php:0
PHP message: PHP   2. Trim->getUrl() /var/www/exams/3.php:39
PHP message: PHP Fatal error:  Uncaught Error: Call to undefined function http_build_url() in /var/www/exams/3.php:27
Stack trace:
#0 /var/www/exams/3.php(39): Trim->getUrl()
#1 {main}
  thrown in /var/www/exams/3.php on line 27" while reading response header from upstream, client: 127.0.0.1, server: exams.ru, request: "GET /3.php HTTP/1.1", upstream: "fastcgi://unix:/var/run/php/php7.2-fpm.sock:", host: "exams.ru"
2019/02/19 17:53:58 [error] 8646#8646: *149 FastCGI sent in stderr: "PHP message: PHP Error:  Call to undefined function http_build_url() in /var/www/exams/3.php on line 27
PHP message: PHP Stack trace:
PHP message: PHP   1. {main}() /var/www/exams/3.php:0
PHP message: PHP   2. Trim->getUrl() /var/www/exams/3.php:39
PHP message: PHP Fatal error:  Uncaught Error: Call to undefined function http_build_url() in /var/www/exams/3.php:27
Stack trace:
#0 /var/www/exams/3.php(39): Trim->getUrl()
#1 {main}
  thrown in /var/www/exams/3.php on line 27" while reading response header from upstream, client: 127.0.0.1, server: exams.ru, request: "GET /3.php HTTP/1.1", upstream: "fastcgi://unix:/var/run/php/php7.2-fpm.sock:", host: "exams.ru"
2019/02/19 17:55:10 [error] 8646#8646: *152 FastCGI sent in stderr: "PHP message: PHP Error:  Call to undefined function http_build_url() in /var/www/exams/3.php on line 27
PHP message: PHP Stack trace:
PHP message: PHP   1. {main}() /var/www/exams/3.php:0
PHP message: PHP   2. Trim->getUrl() /var/www/exams/3.php:39
PHP message: PHP Fatal error:  Uncaught Error: Call to undefined function http_build_url() in /var/www/exams/3.php:27
Stack trace:
#0 /var/www/exams/3.php(39): Trim->getUrl()
#1 {main}
  thrown in /var/www/exams/3.php on line 27" while reading response header from upstream, client: 127.0.0.1, server: exams.ru, request: "GET /3.php HTTP/1.1", upstream: "fastcgi://unix:/var/run/php/php7.2-fpm.sock:", host: "exams.ru"
2019/02/19 17:55:13 [error] 8646#8646: *152 FastCGI sent in stderr: "PHP message: PHP Error:  Call to undefined function http_build_url() in /var/www/exams/3.php on line 27
PHP message: PHP Stack trace:
PHP message: PHP   1. {main}() /var/www/exams/3.php:0
PHP message: PHP   2. Trim->getUrl() /var/www/exams/3.php:39
PHP message: PHP Fatal error:  Uncaught Error: Call to undefined function http_build_url() in /var/www/exams/3.php:27
Stack trace:
#0 /var/www/exams/3.php(39): Trim->getUrl()
#1 {main}
  thrown in /var/www/exams/3.php on line 27" while reading response header from upstream, client: 127.0.0.1, server: exams.ru, request: "GET /3.php HTTP/1.1", upstream: "fastcgi://unix:/var/run/php/php7.2-fpm.sock:", host: "exams.ru"
2019/02/19 17:55:22 [error] 8646#8646: *152 FastCGI sent in stderr: "PHP message: PHP Error:  Call to undefined function http_build_url() in /var/www/exams/3.php on line 27
PHP message: PHP Stack trace:
PHP message: PHP   1. {main}() /var/www/exams/3.php:0
PHP message: PHP   2. Trim->getUrl() /var/www/exams/3.php:39
PHP message: PHP Fatal error:  Uncaught Error: Call to undefined function http_build_url() in /var/www/exams/3.php:27
Stack trace:
#0 /var/www/exams/3.php(39): Trim->getUrl()
#1 {main}
  thrown in /var/www/exams/3.php on line 27" while reading response header from upstream, client: 127.0.0.1, server: exams.ru, request: "GET /3.php HTTP/1.1", upstream: "fastcgi://unix:/var/run/php/php7.2-fpm.sock:", host: "exams.ru"
2019/02/19 17:55:26 [error] 8646#8646: *152 FastCGI sent in stderr: "PHP message: PHP Error:  Call to undefined function http_build_url() in /var/www/exams/3.php on line 27
PHP message: PHP Stack trace:
PHP message: PHP   1. {main}() /var/www/exams/3.php:0
PHP message: PHP   2. Trim->getUrl() /var/www/exams/3.php:39
PHP message: PHP Fatal error:  Uncaught Error: Call to undefined function http_build_url() in /var/www/exams/3.php:27
Stack trace:
#0 /var/www/exams/3.php(39): Trim->getUrl()
#1 {main}
  thrown in /var/www/exams/3.php on line 27" while reading response header from upstream, client: 127.0.0.1, server: exams.ru, request: "GET /3.php HTTP/1.1", upstream: "fastcgi://unix:/var/run/php/php7.2-fpm.sock:", host: "exams.ru"
2019/02/19 17:55:27 [error] 8646#8646: *152 FastCGI sent in stderr: "PHP message: PHP Error:  Call to undefined function http_build_url() in /var/www/exams/3.php on line 27
PHP message: PHP Stack trace:
PHP message: PHP   1. {main}() /var/www/exams/3.php:0
PHP message: PHP   2. Trim->getUrl() /var/www/exams/3.php:39
PHP message: PHP Fatal error:  Uncaught Error: Call to undefined function http_build_url() in /var/www/exams/3.php:27
Stack trace:
#0 /var/www/exams/3.php(39): Trim->getUrl()
#1 {main}
  thrown in /var/www/exams/3.php on line 27" while reading response header from upstream, client: 127.0.0.1, server: exams.ru, request: "GET /3.php HTTP/1.1", upstream: "fastcgi://unix:/var/run/php/php7.2-fpm.sock:", host: "exams.ru"
2019/02/19 17:57:16 [error] 8646#8646: *160 FastCGI sent in stderr: "PHP message: PHP Error:  Call to undefined function http_build_url() in /var/www/exams/3.php on line 58
PHP message: PHP Stack trace:
PHP message: PHP   1. {main}() /var/www/exams/3.php:0
PHP message: PHP Fatal error:  Uncaught Error: Call to undefined function http_build_url() in /var/www/exams/3.php:58
Stack trace:
#0 {main}
  thrown in /var/www/exams/3.php on line 58" while reading response header from upstream, client: 127.0.0.1, server: exams.ru, request: "GET /3.php HTTP/1.1", upstream: "fastcgi://unix:/var/run/php/php7.2-fpm.sock:", host: "exams.ru"
2019/02/19 18:05:34 [error] 8646#8646: *167 FastCGI sent in stderr: "PHP message: PHP Notice:  Array to string conversion in /var/www/exams/3.php on line 49
PHP message: PHP Stack trace:
PHP message: PHP   1. {main}() /var/www/exams/3.php:0
PHP message: PHP   2. Trim->getUrl() /var/www/exams/3.php:64
PHP message: PHP   3. Trim->build_url($parts = array ('scheme' => 'https', 'host' => 'www.mydomain.com', 'path' => '/controller/test.php', 'query' => array ('a' => '45', 'c' => '0', 'd' => '12', 'e' => '309', 'g' => 'zed456', 'h' => 'test2'))) /var/www/exams/3.php:34" while reading response header from upstream, client: 127.0.0.1, server: exams.ru, request: "GET /3.php HTTP/1.1", upstream: "fastcgi://unix:/var/run/php/php7.2-fpm.sock:", host: "exams.ru", referrer: "http://exams.ru/3.php"
2019/02/19 18:20:30 [error] 8646#8646: *201 FastCGI sent in stderr: "PHP message: PHP Warning:  http_build_query(): Parameter 1 expected to be Array or Object.  Incorrect value given in /var/www/exams/3.php on line 35
PHP message: PHP Stack trace:
PHP message: PHP   1. {main}() /var/www/exams/3.php:0
PHP message: PHP   2. Trim->sort($type = *uninitialized*) /var/www/exams/3.php:72
PHP message: PHP   3. http_build_query(TRUE) /var/www/exams/3.php:35" while reading response header from upstream, client: 127.0.0.1, server: exams.ru, request: "GET /3.php HTTP/1.1", upstream: "fastcgi://unix:/var/run/php/php7.2-fpm.sock:", host: "exams.ru", referrer: "http://exams.ru/3.php"
2019/02/19 18:20:43 [error] 8646#8646: *201 FastCGI sent in stderr: "PHP message: PHP Warning:  http_build_query(): Parameter 1 expected to be Array or Object.  Incorrect value given in /var/www/exams/3.php on line 33
PHP message: PHP Stack trace:
PHP message: PHP   1. {main}() /var/www/exams/3.php:0
PHP message: PHP   2. Trim->sort($type = 'asc') /var/www/exams/3.php:72
PHP message: PHP   3. http_build_query(TRUE) /var/www/exams/3.php:33" while reading response header from upstream, client: 127.0.0.1, server: exams.ru, request: "GET /3.php HTTP/1.1", upstream: "fastcgi://unix:/var/run/php/php7.2-fpm.sock:", host: "exams.ru", referrer: "http://exams.ru/3.php"
2019/02/19 18:20:44 [error] 8646#8646: *201 FastCGI sent in stderr: "PHP message: PHP Warning:  http_build_query(): Parameter 1 expected to be Array or Object.  Incorrect value given in /var/www/exams/3.php on line 33
PHP message: PHP Stack trace:
PHP message: PHP   1. {main}() /var/www/exams/3.php:0
PHP message: PHP   2. Trim->sort($type = 'asc') /var/www/exams/3.php:72
PHP message: PHP   3. http_build_query(TRUE) /var/www/exams/3.php:33" while reading response header from upstream, client: 127.0.0.1, server: exams.ru, request: "GET /3.php HTTP/1.1", upstream: "fastcgi://unix:/var/run/php/php7.2-fpm.sock:", host: "exams.ru", referrer: "http://exams.ru/3.php"
2019/02/19 18:20:45 [error] 8646#8646: *201 FastCGI sent in stderr: "PHP message: PHP Warning:  http_build_query(): Parameter 1 expected to be Array or Object.  Incorrect value given in /var/www/exams/3.php on line 33
PHP message: PHP Stack trace:
PHP message: PHP   1. {main}() /var/www/exams/3.php:0
PHP message: PHP   2. Trim->sort($type = 'asc') /var/www/exams/3.php:72
PHP message: PHP   3. http_build_query(TRUE) /var/www/exams/3.php:33" while reading response header from upstream, client: 127.0.0.1, server: exams.ru, request: "GET /3.php HTTP/1.1", upstream: "fastcgi://unix:/var/run/php/php7.2-fpm.sock:", host: "exams.ru", referrer: "http://exams.ru/3.php"
2019/02/19 18:21:15 [error] 8646#8646: *201 FastCGI sent in stderr: "PHP message: PHP Warning:  http_build_query(): Parameter 1 expected to be Array or Object.  Incorrect value given in /var/www/exams/3.php on line 33
PHP message: PHP Stack trace:
PHP message: PHP   1. {main}() /var/www/exams/3.php:0
PHP message: PHP   2. Trim->sort($type = 'asc') /var/www/exams/3.php:72
PHP message: PHP   3. http_build_query(TRUE) /var/www/exams/3.php:33" while reading response header from upstream, client: 127.0.0.1, server: exams.ru, request: "GET /3.php HTTP/1.1", upstream: "fastcgi://unix:/var/run/php/php7.2-fpm.sock:", host: "exams.ru", referrer: "http://exams.ru/3.php"
